C51 COMPILER V9.60.7.0   PERIPH                                                            03/26/2025 22:07:10 PAGE 1   


C51 COMPILER V9.60.7.0, COMPILATION OF MODULE PERIPH
OBJECT MODULE PLACED IN .\Objects\Periph.obj
COMPILER INVOKED BY: D:\Keli5\C51\BIN\C51.EXE ..\Driver\Src\Periph.c OPTIMIZE(8,SPEED) BROWSE INCDIR(..\User\Inc;..\Driv
                    -er\Inc) DEBUG OBJECTEXTEND PRINT(.\Listings\Periph.lst) OBJECT(.\Objects\Periph.obj)

line level    source

   1          #include "Periph.h"
   2          
   3          /**
   4           * @brief æ‰“å¼€/å…³é—­æŒ‡å®šå¤–è®¾
   5           * 
   6           * @param x å¤–è®¾åç§° RELAY MOTOR BUZZ           
   7           * @param enable æ‰“å¼€æˆ–å…³é—­
   8           */
   9          void Periph_Set(periph_t x,bit enable)//åŸç†å’ŒLEDå·®ä¸å¤š åªæ˜¯è¿™é‡Œç”¨äº†æšä¸¾å®šä¹‰äº†ä¸åŒçš„å¤
             -–è®¾
  10          {
  11   1          static uint8_t temp = 0x00;
  12   1          static uint8_t Peirph_Old = 0xff;
  13   1      
  14   1          if(enable)
  15   1          {
  16   2              temp |= x;
  17   2          }
  18   1          else
  19   1          {
  20   2              temp &= ~x;
  21   2          }
  22   1      
  23   1          if(temp != Peirph_Old)
  24   1          {
  25   2              P0 = temp;
  26   2              P2 = P2 & 0x1f | 0xa0;
  27   2              P2 &= 0x1f;
  28   2              Peirph_Old = temp;
  29   2          }
  30   1      }


MODULE INFORMATION:   STATIC OVERLAYABLE
   CODE SIZE        =     35    ----
   CONSTANT SIZE    =   ----    ----
   XDATA SIZE       =   ----    ----
   PDATA SIZE       =   ----    ----
   DATA SIZE        =      2    ----
   IDATA SIZE       =   ----    ----
   BIT SIZE         =   ----       1
END OF MODULE INFORMATION.


C51 COMPILATION COMPLETE.  0 WARNING(S),  0 ERROR(S)
