C51 COMPILER V9.60.7.0   TASK                                                              04/06/2025 01:16:34 PAGE 1   


C51 COMPILER V9.60.7.0, COMPILATION OF MODULE TASK
OBJECT MODULE PLACED IN .\Objects\Task.obj
COMPILER INVOKED BY: D:\Keli5\C51\BIN\C51.EXE ..\Driver\Src\Task.c OPTIMIZE(8,SPEED) BROWSE INCDIR(..\User\Inc;..\Driver
                    -\Inc) DEBUG OBJECTEXTEND PRINT(.\Listings\Task.lst) OBJECT(.\Objects\Task.obj)

line level    source

   1          /**
   2           * @file Task.c
   3           * @author ä¹åƒä¹ç™¾ä¹åä¹
   4           * @brief åŸºäºæ—¶é—´ç‰‡è½®è¯¢çš„ä¸€ç§è£¸æœºä»»åŠ¡è°ƒåº¦æ–¹æ¡ˆ
   5           * @version 0.1
   6           * @date 2025-03-26
   7           * 
   8           * @copyright Copyright (c) 2025
   9           * 
  10           */
  11          #include "Task.h"
  12          
  13          #define MAXTASKS 5 //æœ€å¤§ä»»åŠ¡æ•°ç›®
  14          
  15          uint8_t Task_Num = 0; //ä»»åŠ¡æ•°é‡
  16          task_t xdata Task_Schedule[MAXTASKS]; //ä»»åŠ¡åˆ—è¡¨ ç”±äºè¿‡å¤§ å­˜å‚¨åˆ°xdataåŒº
  17          
  18          /**
  19           * @brief åˆ›å»ºä¸€ä»»åŠ¡
  20           * 
  21           * @param pfunc è¯¥ä»»åŠ¡çš„å‡½æ•°æŒ‡é’ˆ
  22           * @param differ_time ä»»åŠ¡æ‰§è¡Œé—´éš” ms
  23           */
  24          void Task_Add(task_func pfunc, uint16_t differ_time)
  25          {
  26   1          if (Task_Num <= MAXTASKS)
  27   1          {
  28   2              Task_Schedule[Task_Num].LastWakeUp = Mysystick;
  29   2              Task_Schedule[Task_Num].Interval = differ_time;
  30   2              Task_Schedule[Task_Num].Function = pfunc;
  31   2              Task_Num++; //ä»»åŠ¡æ•°é‡è‡ªå¢
  32   2          }
  33   1      }
  34          
  35          /**
  36           * @brief ä»»åŠ¡å¼€å§‹è¿è¡Œ
  37           * 
  38           */
  39          void Task_Start(void)
  40          {
  41   1          uint8_t i;
  42   1          for (i = 0; i < Task_Num; i++)
  43   1          {
  44   2              if (Mysystick - Task_Schedule[i].LastWakeUp >=
  45   2                  Task_Schedule[i].Interval) //ç³»ç»Ÿæ—¶é—´å‡å»ä¸Šæ¬¡è°ƒç”¨çš„æ—¶é—´å¤§äºé—´éš”æ—¶é—´ è¯´æ˜è
             -¯¥ä»»åŠ¡è¯¥è¢«è°ƒç”¨äº†
  46   2              {
  47   3                  Task_Schedule[i].LastWakeUp = Mysystick; //æ›´æ–°ä¸Šæ¬¡è°ƒç”¨ä»»åŠ¡çš„æ—¶é—´
  48   3                  Task_Schedule[i].Function();
  49   3              }
  50   2          }
  51   1      }


C51 COMPILER V9.60.7.0   TASK                                                              04/06/2025 01:16:34 PAGE 2   

MODULE INFORMATION:   STATIC OVERLAYABLE
   CODE SIZE        =    253    ----
   CONSTANT SIZE    =   ----    ----
   XDATA SIZE       =     45    ----
   PDATA SIZE       =   ----    ----
   DATA SIZE        =      1       6
   IDATA SIZE       =   ----    ----
   BIT SIZE         =   ----    ----
END OF MODULE INFORMATION.


C51 COMPILATION COMPLETE.  0 WARNING(S),  0 ERROR(S)
